<?xml version="1.0" encoding="UTF-8"?>
<testsuite xmlns:xsi="http://www.w3.org/2001/XMLSchema-instance" xsi:noNamespaceSchemaLocation="https://maven.apache.org/surefire/maven-surefire-plugin/xsd/surefire-test-report-3.0.xsd" version="3.0" name="com.app.testrunner.TestRunner" time="125.621" tests="12" errors="0" skipped="0" failures="3">
  <properties>
    <property name="java.specification.version" value="17"/>
    <property name="sun.cpu.isalist" value="amd64"/>
    <property name="sun.jnu.encoding" value="Cp1252"/>
    <property name="java.class.path" value="C:\ws\opencart_cucumber\Opencart_cucumber\target\test-classes;C:\ws\opencart_cucumber\Opencart_cucumber\target\classes;C:\Users\akbshaik1\.m2\repository\org\seleniumhq\selenium\selenium-java\4.25.0\selenium-java-4.25.0.jar;C:\Users\akbshaik1\.m2\repository\org\seleniumhq\selenium\selenium-api\4.25.0\selenium-api-4.25.0.jar;C:\Users\akbshaik1\.m2\repository\org\jspecify\jspecify\1.0.0\jspecify-1.0.0.jar;C:\Users\akbshaik1\.m2\repository\org\seleniumhq\selenium\selenium-chrome-driver\4.25.0\selenium-chrome-driver-4.25.0.jar;C:\Users\akbshaik1\.m2\repository\com\google\auto\service\auto-service-annotations\1.1.1\auto-service-annotations-1.1.1.jar;C:\Users\akbshaik1\.m2\repository\org\seleniumhq\selenium\selenium-chromium-driver\4.25.0\selenium-chromium-driver-4.25.0.jar;C:\Users\akbshaik1\.m2\repository\org\seleniumhq\selenium\selenium-json\4.25.0\selenium-json-4.25.0.jar;C:\Users\akbshaik1\.m2\repository\org\seleniumhq\selenium\selenium-manager\4.25.0\selenium-manager-4.25.0.jar;C:\Users\akbshaik1\.m2\repository\org\seleniumhq\selenium\selenium-devtools-v127\4.25.0\selenium-devtools-v127-4.25.0.jar;C:\Users\akbshaik1\.m2\repository\org\seleniumhq\selenium\selenium-devtools-v128\4.25.0\selenium-devtools-v128-4.25.0.jar;C:\Users\akbshaik1\.m2\repository\org\seleniumhq\selenium\selenium-devtools-v129\4.25.0\selenium-devtools-v129-4.25.0.jar;C:\Users\akbshaik1\.m2\repository\org\seleniumhq\selenium\selenium-devtools-v85\4.25.0\selenium-devtools-v85-4.25.0.jar;C:\Users\akbshaik1\.m2\repository\org\seleniumhq\selenium\selenium-edge-driver\4.25.0\selenium-edge-driver-4.25.0.jar;C:\Users\akbshaik1\.m2\repository\org\seleniumhq\selenium\selenium-firefox-driver\4.25.0\selenium-firefox-driver-4.25.0.jar;C:\Users\akbshaik1\.m2\repository\org\seleniumhq\selenium\selenium-http\4.25.0\selenium-http-4.25.0.jar;C:\Users\akbshaik1\.m2\repository\dev\failsafe\failsafe\3.3.2\failsafe-3.3.2.jar;C:\Users\akbshaik1\.m2\repository\org\seleniumhq\selenium\selenium-ie-driver\4.25.0\selenium-ie-driver-4.25.0.jar;C:\Users\akbshaik1\.m2\repository\org\seleniumhq\selenium\selenium-remote-driver\4.25.0\selenium-remote-driver-4.25.0.jar;C:\Users\akbshaik1\.m2\repository\com\google\guava\guava\33.3.0-jre\guava-33.3.0-jre.jar;C:\Users\akbshaik1\.m2\repository\com\google\guava\failureaccess\1.0.2\failureaccess-1.0.2.jar;C:\Users\akbshaik1\.m2\repository\com\google\guava\listenablefuture\9999.0-empty-to-avoid-conflict-with-guava\listenablefuture-9999.0-empty-to-avoid-conflict-with-guava.jar;C:\Users\akbshaik1\.m2\repository\com\google\code\findbugs\jsr305\3.0.2\jsr305-3.0.2.jar;C:\Users\akbshaik1\.m2\repository\org\checkerframework\checker-qual\3.43.0\checker-qual-3.43.0.jar;C:\Users\akbshaik1\.m2\repository\com\google\errorprone\error_prone_annotations\2.28.0\error_prone_annotations-2.28.0.jar;C:\Users\akbshaik1\.m2\repository\com\google\j2objc\j2objc-annotations\3.0.0\j2objc-annotations-3.0.0.jar;C:\Users\akbshaik1\.m2\repository\io\opentelemetry\semconv\opentelemetry-semconv\1.25.0-alpha\opentelemetry-semconv-1.25.0-alpha.jar;C:\Users\akbshaik1\.m2\repository\io\opentelemetry\opentelemetry-api\1.42.1\opentelemetry-api-1.42.1.jar;C:\Users\akbshaik1\.m2\repository\io\opentelemetry\opentelemetry-context\1.42.1\opentelemetry-context-1.42.1.jar;C:\Users\akbshaik1\.m2\repository\io\opentelemetry\opentelemetry-exporter-logging\1.42.1\opentelemetry-exporter-logging-1.42.1.jar;C:\Users\akbshaik1\.m2\repository\io\opentelemetry\opentelemetry-sdk-common\1.42.1\opentelemetry-sdk-common-1.42.1.jar;C:\Users\akbshaik1\.m2\repository\io\opentelemetry\opentelemetry-sdk-extension-autoconfigure-spi\1.42.1\opentelemetry-sdk-extension-autoconfigure-spi-1.42.1.jar;C:\Users\akbshaik1\.m2\repository\io\opentelemetry\opentelemetry-sdk-extension-autoconfigure\1.42.1\opentelemetry-sdk-extension-autoconfigure-1.42.1.jar;C:\Users\akbshaik1\.m2\repository\io\opentelemetry\opentelemetry-api-incubator\1.42.1-alpha\opentelemetry-api-incubator-1.42.1-alpha.jar;C:\Users\akbshaik1\.m2\repository\io\opentelemetry\opentelemetry-sdk-trace\1.42.1\opentelemetry-sdk-trace-1.42.1.jar;C:\Users\akbshaik1\.m2\repository\io\opentelemetry\opentelemetry-sdk\1.42.1\opentelemetry-sdk-1.42.1.jar;C:\Users\akbshaik1\.m2\repository\io\opentelemetry\opentelemetry-sdk-metrics\1.42.1\opentelemetry-sdk-metrics-1.42.1.jar;C:\Users\akbshaik1\.m2\repository\io\opentelemetry\opentelemetry-sdk-logs\1.42.1\opentelemetry-sdk-logs-1.42.1.jar;C:\Users\akbshaik1\.m2\repository\net\bytebuddy\byte-buddy\1.15.1\byte-buddy-1.15.1.jar;C:\Users\akbshaik1\.m2\repository\org\seleniumhq\selenium\selenium-os\4.25.0\selenium-os-4.25.0.jar;C:\Users\akbshaik1\.m2\repository\org\apache\commons\commons-exec\1.4.0\commons-exec-1.4.0.jar;C:\Users\akbshaik1\.m2\repository\org\seleniumhq\selenium\selenium-safari-driver\4.25.0\selenium-safari-driver-4.25.0.jar;C:\Users\akbshaik1\.m2\repository\org\seleniumhq\selenium\selenium-support\4.25.0\selenium-support-4.25.0.jar;C:\Users\akbshaik1\.m2\repository\org\apache\logging\log4j\log4j-core\3.0.0-beta2\log4j-core-3.0.0-beta2.jar;C:\Users\akbshaik1\.m2\repository\org\apache\logging\log4j\log4j-api\3.0.0-beta2\log4j-api-3.0.0-beta2.jar;C:\Users\akbshaik1\.m2\repository\org\apache\logging\log4j\log4j-plugins\3.0.0-beta2\log4j-plugins-3.0.0-beta2.jar;C:\Users\akbshaik1\.m2\repository\commons-io\commons-io\2.17.0\commons-io-2.17.0.jar;C:\Users\akbshaik1\.m2\repository\org\apache\commons\commons-lang3\3.17.0\commons-lang3-3.17.0.jar;C:\Users\akbshaik1\.m2\repository\io\cucumber\cucumber-junit\7.20.0\cucumber-junit-7.20.0.jar;C:\Users\akbshaik1\.m2\repository\org\apiguardian\apiguardian-api\1.1.2\apiguardian-api-1.1.2.jar;C:\Users\akbshaik1\.m2\repository\io\cucumber\cucumber-core\7.20.0\cucumber-core-7.20.0.jar;C:\Users\akbshaik1\.m2\repository\io\cucumber\cucumber-gherkin\7.20.0\cucumber-gherkin-7.20.0.jar;C:\Users\akbshaik1\.m2\repository\io\cucumber\cucumber-gherkin-messages\7.20.0\cucumber-gherkin-messages-7.20.0.jar;C:\Users\akbshaik1\.m2\repository\io\cucumber\gherkin\28.0.0\gherkin-28.0.0.jar;C:\Users\akbshaik1\.m2\repository\io\cucumber\messages\24.1.0\messages-24.1.0.jar;C:\Users\akbshaik1\.m2\repository\io\cucumber\testng-xml-formatter\0.2.0\testng-xml-formatter-0.2.0.jar;C:\Users\akbshaik1\.m2\repository\io\cucumber\query\12.2.0\query-12.2.0.jar;C:\Users\akbshaik1\.m2\repository\io\cucumber\tag-expressions\6.1.0\tag-expressions-6.1.0.jar;C:\Users\akbshaik1\.m2\repository\io\cucumber\cucumber-expressions\17.1.0\cucumber-expressions-17.1.0.jar;C:\Users\akbshaik1\.m2\repository\io\cucumber\datatable\7.20.0\datatable-7.20.0.jar;C:\Users\akbshaik1\.m2\repository\io\cucumber\cucumber-plugin\7.20.0\cucumber-plugin-7.20.0.jar;C:\Users\akbshaik1\.m2\repository\io\cucumber\docstring\7.20.0\docstring-7.20.0.jar;C:\Users\akbshaik1\.m2\repository\io\cucumber\html-formatter\21.7.0\html-formatter-21.7.0.jar;C:\Users\akbshaik1\.m2\repository\io\cucumber\junit-xml-formatter\0.5.0\junit-xml-formatter-0.5.0.jar;C:\Users\akbshaik1\.m2\repository\io\cucumber\ci-environment\10.0.1\ci-environment-10.0.1.jar;C:\Users\akbshaik1\.m2\repository\junit\junit\4.13.2\junit-4.13.2.jar;C:\Users\akbshaik1\.m2\repository\org\hamcrest\hamcrest-core\1.3\hamcrest-core-1.3.jar;C:\Users\akbshaik1\.m2\repository\io\cucumber\cucumber-java\7.20.0\cucumber-java-7.20.0.jar;C:\Users\akbshaik1\.m2\repository\tech\grasshopper\extentreports-cucumber7-adapter\1.14.0\extentreports-cucumber7-adapter-1.14.0.jar;C:\Users\akbshaik1\.m2\repository\com\aventstack\extentreports\5.1.0\extentreports-5.1.0.jar;C:\Users\akbshaik1\.m2\repository\io\reactivex\rxjava3\rxjava\3.1.6\rxjava-3.1.6.jar;C:\Users\akbshaik1\.m2\repository\org\reactivestreams\reactive-streams\1.0.4\reactive-streams-1.0.4.jar;C:\Users\akbshaik1\.m2\repository\org\freemarker\freemarker\2.3.32\freemarker-2.3.32.jar;C:\Users\akbshaik1\.m2\repository\org\projectlombok\lombok\1.18.26\lombok-1.18.26.jar;C:\Users\akbshaik1\.m2\repository\com\google\code\gson\gson\2.10.1\gson-2.10.1.jar;C:\Users\akbshaik1\.m2\repository\tech\grasshopper\extent-pdf-report\2.12.0\extent-pdf-report-2.12.0.jar;C:\Users\akbshaik1\.m2\repository\tech\grasshopper\cucumber-pdf-report\2.14.0\cucumber-pdf-report-2.14.0.jar;C:\Users\akbshaik1\.m2\repository\org\apache\pdfbox\pdfbox\2.0.26\pdfbox-2.0.26.jar;C:\Users\akbshaik1\.m2\repository\org\apache\pdfbox\fontbox\2.0.26\fontbox-2.0.26.jar;C:\Users\akbshaik1\.m2\repository\org\knowm\xchart\xchart\3.8.0\xchart-3.8.0.jar;C:\Users\akbshaik1\.m2\repository\de\erichseifert\vectorgraphics2d\VectorGraphics2D\0.13\VectorGraphics2D-0.13.jar;C:\Users\akbshaik1\.m2\repository\de\rototor\pdfbox\graphics2d\0.30\graphics2d-0.30.jar;C:\Users\akbshaik1\.m2\repository\com\madgag\animated-gif-lib\1.4\animated-gif-lib-1.4.jar;C:\Users\akbshaik1\.m2\repository\org\yaml\snakeyaml\2.0\snakeyaml-2.0.jar;C:\Users\akbshaik1\.m2\repository\tech\grasshopper\table-layout\1.5.1\table-layout-1.5.1.jar;C:\Users\akbshaik1\.m2\repository\tech\grasshopper\rest-assured-cucumber-pdf-report\1.5.0\rest-assured-cucumber-pdf-report-1.5.0.jar;C:\Users\akbshaik1\.m2\repository\org\jsoup\jsoup\1.15.3\jsoup-1.15.3.jar;C:\Users\akbshaik1\.m2\repository\com\aventstack\klov-reporter\5.1.0\klov-reporter-5.1.0.jar;C:\Users\akbshaik1\.m2\repository\org\mongodb\mongodb-driver\3.6.4\mongodb-driver-3.6.4.jar;C:\Users\akbshaik1\.m2\repository\org\mongodb\mongodb-driver-core\3.6.4\mongodb-driver-core-3.6.4.jar;C:\Users\akbshaik1\.m2\repository\org\mongodb\bson\3.6.4\bson-3.6.4.jar;C:\Users\akbshaik1\.m2\repository\org\apache\httpcomponents\httpclient\4.5.13\httpclient-4.5.13.jar;C:\Users\akbshaik1\.m2\repository\org\apache\httpcomponents\httpcore\4.4.13\httpcore-4.4.13.jar;C:\Users\akbshaik1\.m2\repository\commons-logging\commons-logging\1.2\commons-logging-1.2.jar;C:\Users\akbshaik1\.m2\repository\org\apache\httpcomponents\httpmime\4.5.13\httpmime-4.5.13.jar;C:\Users\akbshaik1\.m2\repository\tech\grasshopper\htmlextentreporter\1.1.0\htmlextentreporter-1.1.0.jar;C:\Users\akbshaik1\.m2\repository\tech\grasshopper\extent-excel-report\1.4.0\extent-excel-report-1.4.0.jar;C:\Users\akbshaik1\.m2\repository\org\apache\poi\poi\5.2.3\poi-5.2.3.jar;C:\Users\akbshaik1\.m2\repository\commons-codec\commons-codec\1.15\commons-codec-1.15.jar;C:\Users\akbshaik1\.m2\repository\org\apache\commons\commons-math3\3.6.1\commons-math3-3.6.1.jar;C:\Users\akbshaik1\.m2\repository\com\zaxxer\SparseBitSet\1.2\SparseBitSet-1.2.jar;C:\Users\akbshaik1\.m2\repository\org\apache\poi\poi-ooxml\5.2.3\poi-ooxml-5.2.3.jar;C:\Users\akbshaik1\.m2\repository\org\apache\poi\poi-ooxml-lite\5.2.3\poi-ooxml-lite-5.2.3.jar;C:\Users\akbshaik1\.m2\repository\org\apache\commons\commons-compress\1.21\commons-compress-1.21.jar;C:\Users\akbshaik1\.m2\repository\com\github\virtuald\curvesapi\1.07\curvesapi-1.07.jar;C:\Users\akbshaik1\.m2\repository\org\apache\xmlbeans\xmlbeans\5.1.1\xmlbeans-5.1.1.jar;C:\Users\akbshaik1\.m2\repository\org\apache\commons\commons-collections4\4.4\commons-collections4-4.4.jar;"/>
    <property name="java.vm.vendor" value="Oracle Corporation"/>
    <property name="sun.arch.data.model" value="64"/>
    <property name="user.variant" value=""/>
    <property name="java.vendor.url" value="https://java.oracle.com/"/>
    <property name="user.timezone" value="Asia/Calcutta"/>
    <property name="os.name" value="Windows 11"/>
    <property name="java.vm.specification.version" value="17"/>
    <property name="sun.java.launcher" value="SUN_STANDARD"/>
    <property name="user.country" value="IN"/>
    <property name="sun.boot.library.path" value="C:\Program Files\Java\jdk-17\bin"/>
    <property name="sun.java.command" value="C:\Users\akbshaik1\AppData\Local\Temp\surefire7417608324769164089\surefirebooter-20241017135936527_3.jar C:\Users\akbshaik1\AppData\Local\Temp\surefire7417608324769164089 2024-10-17T13-59-36_390-jvmRun1 surefire-20241017135936527_1tmp surefire_0-20241017135936527_2tmp"/>
    <property name="jdk.debug" value="release"/>
    <property name="surefire.test.class.path" value="C:\ws\opencart_cucumber\Opencart_cucumber\target\test-classes;C:\ws\opencart_cucumber\Opencart_cucumber\target\classes;C:\Users\akbshaik1\.m2\repository\org\seleniumhq\selenium\selenium-java\4.25.0\selenium-java-4.25.0.jar;C:\Users\akbshaik1\.m2\repository\org\seleniumhq\selenium\selenium-api\4.25.0\selenium-api-4.25.0.jar;C:\Users\akbshaik1\.m2\repository\org\jspecify\jspecify\1.0.0\jspecify-1.0.0.jar;C:\Users\akbshaik1\.m2\repository\org\seleniumhq\selenium\selenium-chrome-driver\4.25.0\selenium-chrome-driver-4.25.0.jar;C:\Users\akbshaik1\.m2\repository\com\google\auto\service\auto-service-annotations\1.1.1\auto-service-annotations-1.1.1.jar;C:\Users\akbshaik1\.m2\repository\org\seleniumhq\selenium\selenium-chromium-driver\4.25.0\selenium-chromium-driver-4.25.0.jar;C:\Users\akbshaik1\.m2\repository\org\seleniumhq\selenium\selenium-json\4.25.0\selenium-json-4.25.0.jar;C:\Users\akbshaik1\.m2\repository\org\seleniumhq\selenium\selenium-manager\4.25.0\selenium-manager-4.25.0.jar;C:\Users\akbshaik1\.m2\repository\org\seleniumhq\selenium\selenium-devtools-v127\4.25.0\selenium-devtools-v127-4.25.0.jar;C:\Users\akbshaik1\.m2\repository\org\seleniumhq\selenium\selenium-devtools-v128\4.25.0\selenium-devtools-v128-4.25.0.jar;C:\Users\akbshaik1\.m2\repository\org\seleniumhq\selenium\selenium-devtools-v129\4.25.0\selenium-devtools-v129-4.25.0.jar;C:\Users\akbshaik1\.m2\repository\org\seleniumhq\selenium\selenium-devtools-v85\4.25.0\selenium-devtools-v85-4.25.0.jar;C:\Users\akbshaik1\.m2\repository\org\seleniumhq\selenium\selenium-edge-driver\4.25.0\selenium-edge-driver-4.25.0.jar;C:\Users\akbshaik1\.m2\repository\org\seleniumhq\selenium\selenium-firefox-driver\4.25.0\selenium-firefox-driver-4.25.0.jar;C:\Users\akbshaik1\.m2\repository\org\seleniumhq\selenium\selenium-http\4.25.0\selenium-http-4.25.0.jar;C:\Users\akbshaik1\.m2\repository\dev\failsafe\failsafe\3.3.2\failsafe-3.3.2.jar;C:\Users\akbshaik1\.m2\repository\org\seleniumhq\selenium\selenium-ie-driver\4.25.0\selenium-ie-driver-4.25.0.jar;C:\Users\akbshaik1\.m2\repository\org\seleniumhq\selenium\selenium-remote-driver\4.25.0\selenium-remote-driver-4.25.0.jar;C:\Users\akbshaik1\.m2\repository\com\google\guava\guava\33.3.0-jre\guava-33.3.0-jre.jar;C:\Users\akbshaik1\.m2\repository\com\google\guava\failureaccess\1.0.2\failureaccess-1.0.2.jar;C:\Users\akbshaik1\.m2\repository\com\google\guava\listenablefuture\9999.0-empty-to-avoid-conflict-with-guava\listenablefuture-9999.0-empty-to-avoid-conflict-with-guava.jar;C:\Users\akbshaik1\.m2\repository\com\google\code\findbugs\jsr305\3.0.2\jsr305-3.0.2.jar;C:\Users\akbshaik1\.m2\repository\org\checkerframework\checker-qual\3.43.0\checker-qual-3.43.0.jar;C:\Users\akbshaik1\.m2\repository\com\google\errorprone\error_prone_annotations\2.28.0\error_prone_annotations-2.28.0.jar;C:\Users\akbshaik1\.m2\repository\com\google\j2objc\j2objc-annotations\3.0.0\j2objc-annotations-3.0.0.jar;C:\Users\akbshaik1\.m2\repository\io\opentelemetry\semconv\opentelemetry-semconv\1.25.0-alpha\opentelemetry-semconv-1.25.0-alpha.jar;C:\Users\akbshaik1\.m2\repository\io\opentelemetry\opentelemetry-api\1.42.1\opentelemetry-api-1.42.1.jar;C:\Users\akbshaik1\.m2\repository\io\opentelemetry\opentelemetry-context\1.42.1\opentelemetry-context-1.42.1.jar;C:\Users\akbshaik1\.m2\repository\io\opentelemetry\opentelemetry-exporter-logging\1.42.1\opentelemetry-exporter-logging-1.42.1.jar;C:\Users\akbshaik1\.m2\repository\io\opentelemetry\opentelemetry-sdk-common\1.42.1\opentelemetry-sdk-common-1.42.1.jar;C:\Users\akbshaik1\.m2\repository\io\opentelemetry\opentelemetry-sdk-extension-autoconfigure-spi\1.42.1\opentelemetry-sdk-extension-autoconfigure-spi-1.42.1.jar;C:\Users\akbshaik1\.m2\repository\io\opentelemetry\opentelemetry-sdk-extension-autoconfigure\1.42.1\opentelemetry-sdk-extension-autoconfigure-1.42.1.jar;C:\Users\akbshaik1\.m2\repository\io\opentelemetry\opentelemetry-api-incubator\1.42.1-alpha\opentelemetry-api-incubator-1.42.1-alpha.jar;C:\Users\akbshaik1\.m2\repository\io\opentelemetry\opentelemetry-sdk-trace\1.42.1\opentelemetry-sdk-trace-1.42.1.jar;C:\Users\akbshaik1\.m2\repository\io\opentelemetry\opentelemetry-sdk\1.42.1\opentelemetry-sdk-1.42.1.jar;C:\Users\akbshaik1\.m2\repository\io\opentelemetry\opentelemetry-sdk-metrics\1.42.1\opentelemetry-sdk-metrics-1.42.1.jar;C:\Users\akbshaik1\.m2\repository\io\opentelemetry\opentelemetry-sdk-logs\1.42.1\opentelemetry-sdk-logs-1.42.1.jar;C:\Users\akbshaik1\.m2\repository\net\bytebuddy\byte-buddy\1.15.1\byte-buddy-1.15.1.jar;C:\Users\akbshaik1\.m2\repository\org\seleniumhq\selenium\selenium-os\4.25.0\selenium-os-4.25.0.jar;C:\Users\akbshaik1\.m2\repository\org\apache\commons\commons-exec\1.4.0\commons-exec-1.4.0.jar;C:\Users\akbshaik1\.m2\repository\org\seleniumhq\selenium\selenium-safari-driver\4.25.0\selenium-safari-driver-4.25.0.jar;C:\Users\akbshaik1\.m2\repository\org\seleniumhq\selenium\selenium-support\4.25.0\selenium-support-4.25.0.jar;C:\Users\akbshaik1\.m2\repository\org\apache\logging\log4j\log4j-core\3.0.0-beta2\log4j-core-3.0.0-beta2.jar;C:\Users\akbshaik1\.m2\repository\org\apache\logging\log4j\log4j-api\3.0.0-beta2\log4j-api-3.0.0-beta2.jar;C:\Users\akbshaik1\.m2\repository\org\apache\logging\log4j\log4j-plugins\3.0.0-beta2\log4j-plugins-3.0.0-beta2.jar;C:\Users\akbshaik1\.m2\repository\commons-io\commons-io\2.17.0\commons-io-2.17.0.jar;C:\Users\akbshaik1\.m2\repository\org\apache\commons\commons-lang3\3.17.0\commons-lang3-3.17.0.jar;C:\Users\akbshaik1\.m2\repository\io\cucumber\cucumber-junit\7.20.0\cucumber-junit-7.20.0.jar;C:\Users\akbshaik1\.m2\repository\org\apiguardian\apiguardian-api\1.1.2\apiguardian-api-1.1.2.jar;C:\Users\akbshaik1\.m2\repository\io\cucumber\cucumber-core\7.20.0\cucumber-core-7.20.0.jar;C:\Users\akbshaik1\.m2\repository\io\cucumber\cucumber-gherkin\7.20.0\cucumber-gherkin-7.20.0.jar;C:\Users\akbshaik1\.m2\repository\io\cucumber\cucumber-gherkin-messages\7.20.0\cucumber-gherkin-messages-7.20.0.jar;C:\Users\akbshaik1\.m2\repository\io\cucumber\gherkin\28.0.0\gherkin-28.0.0.jar;C:\Users\akbshaik1\.m2\repository\io\cucumber\messages\24.1.0\messages-24.1.0.jar;C:\Users\akbshaik1\.m2\repository\io\cucumber\testng-xml-formatter\0.2.0\testng-xml-formatter-0.2.0.jar;C:\Users\akbshaik1\.m2\repository\io\cucumber\query\12.2.0\query-12.2.0.jar;C:\Users\akbshaik1\.m2\repository\io\cucumber\tag-expressions\6.1.0\tag-expressions-6.1.0.jar;C:\Users\akbshaik1\.m2\repository\io\cucumber\cucumber-expressions\17.1.0\cucumber-expressions-17.1.0.jar;C:\Users\akbshaik1\.m2\repository\io\cucumber\datatable\7.20.0\datatable-7.20.0.jar;C:\Users\akbshaik1\.m2\repository\io\cucumber\cucumber-plugin\7.20.0\cucumber-plugin-7.20.0.jar;C:\Users\akbshaik1\.m2\repository\io\cucumber\docstring\7.20.0\docstring-7.20.0.jar;C:\Users\akbshaik1\.m2\repository\io\cucumber\html-formatter\21.7.0\html-formatter-21.7.0.jar;C:\Users\akbshaik1\.m2\repository\io\cucumber\junit-xml-formatter\0.5.0\junit-xml-formatter-0.5.0.jar;C:\Users\akbshaik1\.m2\repository\io\cucumber\ci-environment\10.0.1\ci-environment-10.0.1.jar;C:\Users\akbshaik1\.m2\repository\junit\junit\4.13.2\junit-4.13.2.jar;C:\Users\akbshaik1\.m2\repository\org\hamcrest\hamcrest-core\1.3\hamcrest-core-1.3.jar;C:\Users\akbshaik1\.m2\repository\io\cucumber\cucumber-java\7.20.0\cucumber-java-7.20.0.jar;C:\Users\akbshaik1\.m2\repository\tech\grasshopper\extentreports-cucumber7-adapter\1.14.0\extentreports-cucumber7-adapter-1.14.0.jar;C:\Users\akbshaik1\.m2\repository\com\aventstack\extentreports\5.1.0\extentreports-5.1.0.jar;C:\Users\akbshaik1\.m2\repository\io\reactivex\rxjava3\rxjava\3.1.6\rxjava-3.1.6.jar;C:\Users\akbshaik1\.m2\repository\org\reactivestreams\reactive-streams\1.0.4\reactive-streams-1.0.4.jar;C:\Users\akbshaik1\.m2\repository\org\freemarker\freemarker\2.3.32\freemarker-2.3.32.jar;C:\Users\akbshaik1\.m2\repository\org\projectlombok\lombok\1.18.26\lombok-1.18.26.jar;C:\Users\akbshaik1\.m2\repository\com\google\code\gson\gson\2.10.1\gson-2.10.1.jar;C:\Users\akbshaik1\.m2\repository\tech\grasshopper\extent-pdf-report\2.12.0\extent-pdf-report-2.12.0.jar;C:\Users\akbshaik1\.m2\repository\tech\grasshopper\cucumber-pdf-report\2.14.0\cucumber-pdf-report-2.14.0.jar;C:\Users\akbshaik1\.m2\repository\org\apache\pdfbox\pdfbox\2.0.26\pdfbox-2.0.26.jar;C:\Users\akbshaik1\.m2\repository\org\apache\pdfbox\fontbox\2.0.26\fontbox-2.0.26.jar;C:\Users\akbshaik1\.m2\repository\org\knowm\xchart\xchart\3.8.0\xchart-3.8.0.jar;C:\Users\akbshaik1\.m2\repository\de\erichseifert\vectorgraphics2d\VectorGraphics2D\0.13\VectorGraphics2D-0.13.jar;C:\Users\akbshaik1\.m2\repository\de\rototor\pdfbox\graphics2d\0.30\graphics2d-0.30.jar;C:\Users\akbshaik1\.m2\repository\com\madgag\animated-gif-lib\1.4\animated-gif-lib-1.4.jar;C:\Users\akbshaik1\.m2\repository\org\yaml\snakeyaml\2.0\snakeyaml-2.0.jar;C:\Users\akbshaik1\.m2\repository\tech\grasshopper\table-layout\1.5.1\table-layout-1.5.1.jar;C:\Users\akbshaik1\.m2\repository\tech\grasshopper\rest-assured-cucumber-pdf-report\1.5.0\rest-assured-cucumber-pdf-report-1.5.0.jar;C:\Users\akbshaik1\.m2\repository\org\jsoup\jsoup\1.15.3\jsoup-1.15.3.jar;C:\Users\akbshaik1\.m2\repository\com\aventstack\klov-reporter\5.1.0\klov-reporter-5.1.0.jar;C:\Users\akbshaik1\.m2\repository\org\mongodb\mongodb-driver\3.6.4\mongodb-driver-3.6.4.jar;C:\Users\akbshaik1\.m2\repository\org\mongodb\mongodb-driver-core\3.6.4\mongodb-driver-core-3.6.4.jar;C:\Users\akbshaik1\.m2\repository\org\mongodb\bson\3.6.4\bson-3.6.4.jar;C:\Users\akbshaik1\.m2\repository\org\apache\httpcomponents\httpclient\4.5.13\httpclient-4.5.13.jar;C:\Users\akbshaik1\.m2\repository\org\apache\httpcomponents\httpcore\4.4.13\httpcore-4.4.13.jar;C:\Users\akbshaik1\.m2\repository\commons-logging\commons-logging\1.2\commons-logging-1.2.jar;C:\Users\akbshaik1\.m2\repository\org\apache\httpcomponents\httpmime\4.5.13\httpmime-4.5.13.jar;C:\Users\akbshaik1\.m2\repository\tech\grasshopper\htmlextentreporter\1.1.0\htmlextentreporter-1.1.0.jar;C:\Users\akbshaik1\.m2\repository\tech\grasshopper\extent-excel-report\1.4.0\extent-excel-report-1.4.0.jar;C:\Users\akbshaik1\.m2\repository\org\apache\poi\poi\5.2.3\poi-5.2.3.jar;C:\Users\akbshaik1\.m2\repository\commons-codec\commons-codec\1.15\commons-codec-1.15.jar;C:\Users\akbshaik1\.m2\repository\org\apache\commons\commons-math3\3.6.1\commons-math3-3.6.1.jar;C:\Users\akbshaik1\.m2\repository\com\zaxxer\SparseBitSet\1.2\SparseBitSet-1.2.jar;C:\Users\akbshaik1\.m2\repository\org\apache\poi\poi-ooxml\5.2.3\poi-ooxml-5.2.3.jar;C:\Users\akbshaik1\.m2\repository\org\apache\poi\poi-ooxml-lite\5.2.3\poi-ooxml-lite-5.2.3.jar;C:\Users\akbshaik1\.m2\repository\org\apache\commons\commons-compress\1.21\commons-compress-1.21.jar;C:\Users\akbshaik1\.m2\repository\com\github\virtuald\curvesapi\1.07\curvesapi-1.07.jar;C:\Users\akbshaik1\.m2\repository\org\apache\xmlbeans\xmlbeans\5.1.1\xmlbeans-5.1.1.jar;C:\Users\akbshaik1\.m2\repository\org\apache\commons\commons-collections4\4.4\commons-collections4-4.4.jar;"/>
    <property name="sun.cpu.endian" value="little"/>
    <property name="user.home" value="C:\Users\akbshaik1"/>
    <property name="user.language" value="en"/>
    <property name="java.specification.vendor" value="Oracle Corporation"/>
    <property name="java.version.date" value="2024-10-15"/>
    <property name="java.home" value="C:\Program Files\Java\jdk-17"/>
    <property name="file.separator" value="\"/>
    <property name="basedir" value="C:\ws\opencart_cucumber\Opencart_cucumber"/>
    <property name="java.vm.compressedOopsMode" value="Zero based"/>
    <property name="line.separator" value="&#10;"/>
    <property name="java.vm.specification.vendor" value="Oracle Corporation"/>
    <property name="java.specification.name" value="Java Platform API Specification"/>
    <property name="surefire.real.class.path" value="C:\Users\akbshaik1\AppData\Local\Temp\surefire7417608324769164089\surefirebooter-20241017135936527_3.jar"/>
    <property name="user.script" value=""/>
    <property name="sun.management.compiler" value="HotSpot 64-Bit Tiered Compilers"/>
    <property name="java.runtime.version" value="17.0.13+10-LTS-268"/>
    <property name="user.name" value="akbshaik1"/>
    <property name="path.separator" value=";"/>
    <property name="os.version" value="10.0"/>
    <property name="java.runtime.name" value="Java(TM) SE Runtime Environment"/>
    <property name="file.encoding" value="Cp1252"/>
    <property name="java.vm.name" value="Java HotSpot(TM) 64-Bit Server VM"/>
    <property name="localRepository" value="C:\Users\akbshaik1\.m2\repository"/>
    <property name="java.vendor.url.bug" value="https://bugreport.java.com/bugreport/"/>
    <property name="java.io.tmpdir" value="C:\Users\AKBSHA~1\AppData\Local\Temp\"/>
    <property name="java.version" value="17.0.13"/>
    <property name="user.dir" value="C:\ws\opencart_cucumber\Opencart_cucumber"/>
    <property name="os.arch" value="amd64"/>
    <property name="java.vm.specification.name" value="Java Virtual Machine Specification"/>
    <property name="sun.os.patch.level" value=""/>
    <property name="native.encoding" value="Cp1252"/>
    <property name="java.library.path" value="C:\Program Files\Java\jdk-17\bin;C:\WINDOWS\Sun\Java\bin;C:\WINDOWS\system32;C:\WINDOWS;C:\Program Files\Common Files\Oracle\Java\javapath;C:\WINDOWS\system32;C:\WINDOWS;C:\WINDOWS\System32\Wbem;C:\WINDOWS\System32\WindowsPowerShell\v1.0\;C:\WINDOWS\System32\OpenSSH\;C:\Program Files (x86)\CheckPoint\Endpoint Security\Endpoint Common\bin;C:\Program Files (x86)\Box\Box Edit\;C:\Program Files\Java\jdk-11\bin;C:\Program Files\apache-maven-3.9.9\bin;C:\Program Files\Git\cmd;C:\Users\akbshaik1\AppData\Local\Microsoft\WindowsApps;;C:\Users\akbshaik1\AppData\Local\JetBrains\IntelliJ IDEA Community Edition 2024.2.3\bin;;."/>
    <property name="java.vm.info" value="mixed mode, sharing"/>
    <property name="java.vendor" value="Oracle Corporation"/>
    <property name="java.vm.version" value="17.0.13+10-LTS-268"/>
    <property name="java.specification.maintenance.version" value="1"/>
    <property name="sun.io.unicode.encoding" value="UnicodeLittle"/>
    <property name="java.class.version" value="61.0"/>
  </properties>
  <testcase name="Verify the page URL and title" classname="Verify the URL and Title of the page" time="7.689">
    <system-out><![CDATA[
@sanitytest
Scenario: Verify the page URL and title          # src/test/java/com/app/features/Dashboard.feature:4
  Given the user navigates to the dashboard page # com.app.stepdefinitions.DashboardStepDefinitionTest.the_user_navigates_to_the_dashboard_page()
  When verify the page URL                       # com.app.stepdefinitions.DashboardStepDefinitionTest.verify_the_page_url()
  Then verify the page title                     # com.app.stepdefinitions.DashboardStepDefinitionTest.verify_the_page_title()
]]></system-out>
  </testcase>
  <testcase name="Successfully product added to wish list" classname="User should search the product and added to wishlist" time="11.9">
    <system-out><![CDATA[
@regressiontest
Scenario: Successfully product added to wish list                                       # src/test/java/com/app/features/EndToEndWishList.feature:4
  Given the user navigates to login page                                                # com.app.stepdefinitions.LoginStepDefinitionTest.the_user_navigates_to_login_page()
  And user enters valid email as "akbarshaik911@gmail.com" and password as "Akbar@0326" # com.app.stepdefinitions.LoginStepDefinitionTest.user_enters_valid_email_as_email_and_password_as_password(java.lang.String,java.lang.String)
  When user search the item "MacBook"                                                   # com.app.stepdefinitions.MyAccountPageStepDefinitionTest.user_search_the_item(java.lang.String)
  And add searched item "MacBook" to wish list                                          # com.app.stepdefinitions.MyAccountPageStepDefinitionTest.add_searched_item_to_wishlist(java.lang.String)
  Then go to the wishlist page                                                          # com.app.stepdefinitions.MyAccountPageStepDefinitionTest.go_to_the_wishlist_page()
  And verify the item "MacBook" added to the cart                                       # com.app.stepdefinitions.WishListStepDefinition.verify_the_item_added_to_the_cart(java.lang.String)
]]></system-out>
  </testcase>
  <testcase name="Successful login with valid credentials" classname="Login with valid credentials" time="8.679">
    <system-out><![CDATA[
@sanitytest
Scenario: Successful login with valid credentials                                  # src/test/java/com/app/features/Login.feature:4
  Given the user navigates to login page                                           # com.app.stepdefinitions.LoginStepDefinitionTest.the_user_navigates_to_login_page()
  When user enters email as "akbarshaik911@gmail.com" and password as "Akbar@0326" # com.app.stepdefinitions.LoginStepDefinitionTest.user_enters_email_as_email_and_password_as_password(java.lang.String,java.lang.String)
  And the user clicks on the login button                                          # com.app.stepdefinitions.LoginStepDefinitionTest.the_user_clicks_on_the_login_button()
  Then the user should be redirected to the MyAccount page                         # com.app.stepdefinitions.LoginStepDefinitionTest.the_user_should_be_redirected_to_the_MyAccount_page()
]]></system-out>
  </testcase>
  <testcase name="Successful login with valid credentials using datatable" classname="Login with valid credentials" time="8.111">
    <system-out><![CDATA[
@regressiontest
Scenario: Successful login with valid credentials using datatable # src/test/java/com/app/features/Login.feature:11
  Given the user navigates to login page                          # com.app.stepdefinitions.LoginStepDefinitionTest.the_user_navigates_to_login_page()
  When user enters the following credentials:                     # com.app.stepdefinitions.LoginStepDefinitionTest.user_enters_the_following_credentials(io.cucumber.datatable.DataTable)
    | email                   | password   |
    | akbarshaik911@gmail.com | Akbar@0326 |
  And the user clicks on the login button                         # com.app.stepdefinitions.LoginStepDefinitionTest.the_user_clicks_on_the_login_button()
  Then the user should be redirected to the MyAccount page        # com.app.stepdefinitions.LoginStepDefinitionTest.the_user_should_be_redirected_to_the_MyAccount_page()
]]></system-out>
  </testcase>
  <testcase name="Login Data Driven #1" classname="Login with valid credentials" time="7.619">
    <system-out><![CDATA[
@sanitytest
Scenario Outline: Login Data Driven                                       # src/test/java/com/app/features/Login.feature:28
  Given the user navigates to login page                                  # com.app.stepdefinitions.LoginStepDefinitionTest.the_user_navigates_to_login_page()
  When user enters email as "pavanol@gmail.com" and password as "test123" # com.app.stepdefinitions.LoginStepDefinitionTest.user_enters_email_as_email_and_password_as_password(java.lang.String,java.lang.String)
  And the user clicks on the login button                                 # com.app.stepdefinitions.LoginStepDefinitionTest.the_user_clicks_on_the_login_button()
  Then the user should be redirected to the MyAccount page                # com.app.stepdefinitions.LoginStepDefinitionTest.the_user_should_be_redirected_to_the_MyAccount_page()
]]></system-out>
  </testcase>
  <testcase name="Login Data Driven #2" classname="Login with valid credentials" time="12.707">
    <failure message="expected:&lt;true&gt; but was:&lt;false&gt;" type="java.lang.AssertionError"><![CDATA[java.lang.AssertionError: expected:<true> but was:<false>
	at org.junit.Assert.fail(Assert.java:89)
	at org.junit.Assert.failNotEquals(Assert.java:835)
	at org.junit.Assert.assertEquals(Assert.java:120)
	at org.junit.Assert.assertEquals(Assert.java:146)
	at com.app.stepdefinitions.LoginStepDefinitionTest.the_user_should_be_redirected_to_the_MyAccount_page(LoginStepDefinitionTest.java:52)
	at ✽.the user should be redirected to the MyAccount page(file:///C:/ws/opencart_cucumber/Opencart_cucumber/./src/test/java/com/app/features/Login.feature:24)
]]></failure>
    <system-out><![CDATA[
@sanitytest
Scenario Outline: Login Data Driven                                                # src/test/java/com/app/features/Login.feature:29
  Given the user navigates to login page                                           # com.app.stepdefinitions.LoginStepDefinitionTest.the_user_navigates_to_login_page()
  When user enters email as "pavanlotraining@gmail.com" and password as "test@123" # com.app.stepdefinitions.LoginStepDefinitionTest.user_enters_email_as_email_and_password_as_password(java.lang.String,java.lang.String)
  And the user clicks on the login button                                          # com.app.stepdefinitions.LoginStepDefinitionTest.the_user_clicks_on_the_login_button()
  Then the user should be redirected to the MyAccount page                         # com.app.stepdefinitions.LoginStepDefinitionTest.the_user_should_be_redirected_to_the_MyAccount_page()
      java.lang.AssertionError: expected:<true> but was:<false>
	at org.junit.Assert.fail(Assert.java:89)
	at org.junit.Assert.failNotEquals(Assert.java:835)
	at org.junit.Assert.assertEquals(Assert.java:120)
	at org.junit.Assert.assertEquals(Assert.java:146)
	at com.app.stepdefinitions.LoginStepDefinitionTest.the_user_should_be_redirected_to_the_MyAccount_page(LoginStepDefinitionTest.java:52)
	at âœ½.the user should be redirected to the MyAccount page(file:///C:/ws/opencart_cucumber/Opencart_cucumber/./src/test/java/com/app/features/Login.feature:24)


    Embedding Login Data Driven [image/png 117202 bytes]

]]></system-out>
  </testcase>
  <testcase name="Login Data Driven Excel #1" classname="Login Data Driven with Excel" time="14.729">
    <system-out><![CDATA[
@functionaltest
Scenario Outline: Login Data Driven Excel                                                                   # src/test/java/com/app/features/LoginDDTExcel.feature:10
  Given the user navigates to login page                                                                    # com.app.stepdefinitions.LoginStepDefinitionTest.the_user_navigates_to_login_page()
target page: false
  Then the user should be redirected to the MyAccount Page by passing email and password with excel row "1" # com.app.stepdefinitions.LoginStepDefinitionTest.check_user_navigates_to_my_account_page_by_passing_email_and_password_with_excel_data(java.lang.String)
]]></system-out>
  </testcase>
  <testcase name="Login Data Driven Excel #2" classname="Login Data Driven with Excel" time="7.968">
    <system-out><![CDATA[
@functionaltest
Scenario Outline: Login Data Driven Excel                                                                   # src/test/java/com/app/features/LoginDDTExcel.feature:11
  Given the user navigates to login page                                                                    # com.app.stepdefinitions.LoginStepDefinitionTest.the_user_navigates_to_login_page()
target page: true
  Then the user should be redirected to the MyAccount Page by passing email and password with excel row "2" # com.app.stepdefinitions.LoginStepDefinitionTest.check_user_navigates_to_my_account_page_by_passing_email_and_password_with_excel_data(java.lang.String)
]]></system-out>
  </testcase>
  <testcase name="Login Data Driven Excel #3" classname="Login Data Driven with Excel" time="7.84">
    <failure type="java.lang.AssertionError"><![CDATA[java.lang.AssertionError
	at org.junit.Assert.fail(Assert.java:87)
	at org.junit.Assert.assertTrue(Assert.java:42)
	at org.junit.Assert.assertTrue(Assert.java:53)
	at com.app.stepdefinitions.LoginStepDefinitionTest.check_user_navigates_to_my_account_page_by_passing_email_and_password_with_excel_data(LoginStepDefinitionTest.java:86)
	at ✽.the user should be redirected to the MyAccount Page by passing email and password with excel row "3"(file:///C:/ws/opencart_cucumber/Opencart_cucumber/./src/test/java/com/app/features/LoginDDTExcel.feature:6)
]]></failure>
    <system-out><![CDATA[
@functionaltest
Scenario Outline: Login Data Driven Excel                                                                   # src/test/java/com/app/features/LoginDDTExcel.feature:12
  Given the user navigates to login page                                                                    # com.app.stepdefinitions.LoginStepDefinitionTest.the_user_navigates_to_login_page()
target page: true
  Then the user should be redirected to the MyAccount Page by passing email and password with excel row "3" # com.app.stepdefinitions.LoginStepDefinitionTest.check_user_navigates_to_my_account_page_by_passing_email_and_password_with_excel_data(java.lang.String)
      java.lang.AssertionError
	at org.junit.Assert.fail(Assert.java:87)
	at org.junit.Assert.assertTrue(Assert.java:42)
	at org.junit.Assert.assertTrue(Assert.java:53)
	at com.app.stepdefinitions.LoginStepDefinitionTest.check_user_navigates_to_my_account_page_by_passing_email_and_password_with_excel_data(LoginStepDefinitionTest.java:86)
	at âœ½.the user should be redirected to the MyAccount Page by passing email and password with excel row "3"(file:///C:/ws/opencart_cucumber/Opencart_cucumber/./src/test/java/com/app/features/LoginDDTExcel.feature:6)


    Embedding Login Data Driven Excel [image/png 99435 bytes]

]]></system-out>
  </testcase>
  <testcase name="Login Data Driven Excel #4" classname="Login Data Driven with Excel" time="12.478">
    <system-out><![CDATA[
@functionaltest
Scenario Outline: Login Data Driven Excel                                                                   # src/test/java/com/app/features/LoginDDTExcel.feature:13
  Given the user navigates to login page                                                                    # com.app.stepdefinitions.LoginStepDefinitionTest.the_user_navigates_to_login_page()
target page: false
  Then the user should be redirected to the MyAccount Page by passing email and password with excel row "4" # com.app.stepdefinitions.LoginStepDefinitionTest.check_user_navigates_to_my_account_page_by_passing_email_and_password_with_excel_data(java.lang.String)
]]></system-out>
  </testcase>
  <testcase name="Login Data Driven Excel #5" classname="Login Data Driven with Excel" time="12.632">
    <failure type="java.lang.AssertionError"><![CDATA[java.lang.AssertionError
	at org.junit.Assert.fail(Assert.java:87)
	at org.junit.Assert.assertTrue(Assert.java:42)
	at org.junit.Assert.assertTrue(Assert.java:53)
	at com.app.stepdefinitions.LoginStepDefinitionTest.check_user_navigates_to_my_account_page_by_passing_email_and_password_with_excel_data(LoginStepDefinitionTest.java:79)
	at ✽.the user should be redirected to the MyAccount Page by passing email and password with excel row "5"(file:///C:/ws/opencart_cucumber/Opencart_cucumber/./src/test/java/com/app/features/LoginDDTExcel.feature:6)
]]></failure>
    <system-out><![CDATA[
@functionaltest
Scenario Outline: Login Data Driven Excel                                                                   # src/test/java/com/app/features/LoginDDTExcel.feature:14
  Given the user navigates to login page                                                                    # com.app.stepdefinitions.LoginStepDefinitionTest.the_user_navigates_to_login_page()
target page: false
  Then the user should be redirected to the MyAccount Page by passing email and password with excel row "5" # com.app.stepdefinitions.LoginStepDefinitionTest.check_user_navigates_to_my_account_page_by_passing_email_and_password_with_excel_data(java.lang.String)
      java.lang.AssertionError
	at org.junit.Assert.fail(Assert.java:87)
	at org.junit.Assert.assertTrue(Assert.java:42)
	at org.junit.Assert.assertTrue(Assert.java:53)
	at com.app.stepdefinitions.LoginStepDefinitionTest.check_user_navigates_to_my_account_page_by_passing_email_and_password_with_excel_data(LoginStepDefinitionTest.java:79)
	at âœ½.the user should be redirected to the MyAccount Page by passing email and password with excel row "5"(file:///C:/ws/opencart_cucumber/Opencart_cucumber/./src/test/java/com/app/features/LoginDDTExcel.feature:6)


    Embedding Login Data Driven Excel [image/png 115995 bytes]

]]></system-out>
  </testcase>
  <testcase name="Successful Account Registration" classname="Account Registration" time="8.191">
    <system-out><![CDATA[
@regressiontest
Scenario: Successful Account Registration               # src/test/java/com/app/features/Registration.feature:4
  Given the user navigates to Register Account page     # com.app.stepdefinitions.RegistrationStepDefinitionTest.the_user_navigates_to_Register_Account_page()
  When the user enters the details in below fields      # com.app.stepdefinitions.RegistrationStepDefinitionTest.the_user_enters_the_details_in_below_fields(io.cucumber.datatable.DataTable)
    | firstName | Jhon       |
    | lastName  | Kenedy     |
    | telephone | 1234567890 |
    | password  | test@123   |
  And the user selects Privacy Policy                   # com.app.stepdefinitions.RegistrationStepDefinitionTest.the_user_selects_Privacy_Policy()
  And the user clicks on Continue button                # com.app.stepdefinitions.RegistrationStepDefinitionTest.the_user_clicks_on_Continue_button()
  Then the user account should get created successfully # com.app.stepdefinitions.RegistrationStepDefinitionTest.the_user_account_should_get_created_successfully()
]]></system-out>
  </testcase>
</testsuite>